Traceback (most recent call last):
  File "/home/mark/miniconda3/envs/ptorch2/lib/python3.12/site-packages/transformers/utils/import_utils.py", line 2302, in __getattr__
    module = self._get_module(self._class_to_module[name])
             ^^^^^^^^^^^^^^^^^^^^^^^^^^^^^^^^^^^^^^^^^^^^^
  File "/home/mark/miniconda3/envs/ptorch2/lib/python3.12/site-packages/transformers/utils/import_utils.py", line 2332, in _get_module
    raise e
  File "/home/mark/miniconda3/envs/ptorch2/lib/python3.12/site-packages/transformers/utils/import_utils.py", line 2330, in _get_module
    return importlib.import_module("." + module_name, self.__name__)
           ^^^^^^^^^^^^^^^^^^^^^^^^^^^^^^^^^^^^^^^^^^^^^^^^^^^^^^^^^
  File "/home/mark/miniconda3/envs/ptorch2/lib/python3.12/importlib/__init__.py", line 90, in import_module
    return _bootstrap._gcd_import(name[level:], package, level)
           ^^^^^^^^^^^^^^^^^^^^^^^^^^^^^^^^^^^^^^^^^^^^^^^^^^^^
  File "<frozen importlib._bootstrap>", line 1387, in _gcd_import
  File "<frozen importlib._bootstrap>", line 1360, in _find_and_load
  File "<frozen importlib._bootstrap>", line 1331, in _find_and_load_unlocked
  File "<frozen importlib._bootstrap>", line 935, in _load_unlocked
  File "<frozen importlib._bootstrap_external>", line 999, in exec_module
  File "<frozen importlib._bootstrap>", line 488, in _call_with_frames_removed
  File "/home/mark/miniconda3/envs/ptorch2/lib/python3.12/site-packages/transformers/modeling_utils.py", line 70, in <module>
    from .loss.loss_utils import LOSS_MAPPING
  File "/home/mark/miniconda3/envs/ptorch2/lib/python3.12/site-packages/transformers/loss/loss_utils.py", line 21, in <module>
    from .loss_d_fine import DFineForObjectDetectionLoss
  File "/home/mark/miniconda3/envs/ptorch2/lib/python3.12/site-packages/transformers/loss/loss_d_fine.py", line 21, in <module>
    from .loss_for_object_detection import (
  File "/home/mark/miniconda3/envs/ptorch2/lib/python3.12/site-packages/transformers/loss/loss_for_object_detection.py", line 32, in <module>
    from transformers.image_transforms import center_to_corners_format
  File "/home/mark/miniconda3/envs/ptorch2/lib/python3.12/site-packages/transformers/image_transforms.py", line 22, in <module>
    from .image_utils import (
  File "/home/mark/miniconda3/envs/ptorch2/lib/python3.12/site-packages/transformers/image_utils.py", line 60, in <module>
    from torchvision.transforms import InterpolationMode
  File "/home/mark/miniconda3/envs/ptorch2/lib/python3.12/site-packages/torchvision/__init__.py", line 10, in <module>
    from torchvision import _meta_registrations, datasets, io, models, ops, transforms, utils  # usort:skip
    ^^^^^^^^^^^^^^^^^^^^^^^^^^^^^^^^^^^^^^^^^^^^^^^^^^^^^^^^^^^^^^^^^^^^^^^^^^^^^^^^^^^^^^^^^
  File "/home/mark/miniconda3/envs/ptorch2/lib/python3.12/site-packages/torchvision/_meta_registrations.py", line 163, in <module>
    @torch.library.register_fake("torchvision::nms")
     ^^^^^^^^^^^^^^^^^^^^^^^^^^^^^^^^^^^^^^^^^^^^^^^
  File "/home/mark/miniconda3/envs/ptorch2/lib/python3.12/site-packages/torch/library.py", line 1069, in register
    use_lib._register_fake(
  File "/home/mark/miniconda3/envs/ptorch2/lib/python3.12/site-packages/torch/library.py", line 219, in _register_fake
    handle = entry.fake_impl.register(
             ^^^^^^^^^^^^^^^^^^^^^^^^^
  File "/home/mark/miniconda3/envs/ptorch2/lib/python3.12/site-packages/torch/_library/fake_impl.py", line 50, in register
    if torch._C._dispatch_has_kernel_for_dispatch_key(self.qualname, "Meta"):
       ^^^^^^^^^^^^^^^^^^^^^^^^^^^^^^^^^^^^^^^^^^^^^^^^^^^^^^^^^^^^^^^^^^^^^
RuntimeError: operator torchvision::nms does not exist

The above exception was the direct cause of the following exception:

Traceback (most recent call last):
  File "<string>", line 1, in <module>
  File "/home/mark/miniconda3/envs/ptorch2/lib/python3.12/site-packages/llama_index/embeddings/huggingface/__init__.py", line 1, in <module>
    from llama_index.embeddings.huggingface.base import (
  File "/home/mark/miniconda3/envs/ptorch2/lib/python3.12/site-packages/llama_index/embeddings/huggingface/base.py", line 31, in <module>
    from sentence_transformers import SentenceTransformer
  File "/home/mark/miniconda3/envs/ptorch2/lib/python3.12/site-packages/sentence_transformers/__init__.py", line 15, in <module>
    from sentence_transformers.cross_encoder import (
  File "/home/mark/miniconda3/envs/ptorch2/lib/python3.12/site-packages/sentence_transformers/cross_encoder/__init__.py", line 3, in <module>
    from .CrossEncoder import CrossEncoder
  File "/home/mark/miniconda3/envs/ptorch2/lib/python3.12/site-packages/sentence_transformers/cross_encoder/CrossEncoder.py", line 16, in <module>
    from transformers import (
  File "/home/mark/miniconda3/envs/ptorch2/lib/python3.12/site-packages/transformers/utils/import_utils.py", line 2305, in __getattr__
    raise ModuleNotFoundError(
ModuleNotFoundError: Could not import module 'PreTrainedModel'. Are this object's requirements defined correctly?
